<?xml version="1.0" encoding="UTF-8"?>
<testsuite name="com.obs.repository.UserRepositoryDataJpaTest" tests="2" skipped="0" failures="0" errors="0" timestamp="2025-12-22T10:05:49" hostname="LIN-5CG0524RM8" time="2.349">
  <properties/>
  <testcase name="existsByUsername_and_existsByEmail()" classname="com.obs.repository.UserRepositoryDataJpaTest" time="2.272"/>
  <testcase name="findByUsername_returnsUser()" classname="com.obs.repository.UserRepositoryDataJpaTest" time="0.072"/>
  <system-out><![CDATA[15:35:38.949 [Test worker] INFO org.springframework.test.context.support.AnnotationConfigContextLoaderUtils -- Could not detect default configuration classes for test class [com.obs.repository.UserRepositoryDataJpaTest]: UserRepositoryDataJpaTest does not declare any static, non-private, non-final, nested classes annotated with @Configuration.
15:35:39.429 [Test worker] INFO org.springframework.boot.test.context.SpringBootTestContextBootstrapper -- Found @SpringBootConfiguration com.obs.ObsApplication for test class com.obs.repository.UserRepositoryDataJpaTest

  .   ____          _            __ _ _
 /\\ / ___'_ __ _ _(_)_ __  __ _ \ \ \ \
( ( )\___ | '_ | '_| | '_ \/ _` | \ \ \ \
 \\/  ___)| |_)| | | | | || (_| |  ) ) ) )
  '  |____| .__|_| |_|_| |_\__, | / / / /
 =========|_|==============|___/=/_/_/_/

 :: Spring Boot ::                (v3.4.0)

2025-12-22T15:35:40.874+05:30  INFO 23392 --- [obs] [    Test worker] c.o.r.UserRepositoryDataJpaTest          : Starting UserRepositoryDataJpaTest using Java 21.0.9 with PID 23392 (started by nehashpa in C:\Users\NEHASHPA\Downloads\Online Banking System Backend\OnlineBankingSystemBackend)
2025-12-22T15:35:40.878+05:30  INFO 23392 --- [obs] [    Test worker] c.o.r.UserRepositoryDataJpaTest          : No active profile set, falling back to 1 default profile: "default"
2025-12-22T15:35:41.919+05:30  INFO 23392 --- [obs] [    Test worker] .s.d.r.c.RepositoryConfigurationDelegate : Bootstrapping Spring Data JPA repositories in DEFAULT mode.
2025-12-22T15:35:42.159+05:30  INFO 23392 --- [obs] [    Test worker] .s.d.r.c.RepositoryConfigurationDelegate : Finished Spring Data repository scanning in 217 ms. Found 5 JPA repository interfaces.
2025-12-22T15:35:42.307+05:30  INFO 23392 --- [obs] [    Test worker] beddedDataSourceBeanFactoryPostProcessor : Replacing 'dataSource' DataSource bean with embedded version
2025-12-22T15:35:42.715+05:30  INFO 23392 --- [obs] [    Test worker] o.s.j.d.e.EmbeddedDatabaseFactory        : Starting embedded database: url='jdbc:h2:mem:74915aa5-162d-46d0-8973-50a99cfb6f24;DB_CLOSE_DELAY=-1;DB_CLOSE_ON_EXIT=false', username='sa'
2025-12-22T15:35:43.436+05:30  INFO 23392 --- [obs] [    Test worker] o.hibernate.jpa.internal.util.LogHelper  : HHH000204: Processing PersistenceUnitInfo [name: default]
2025-12-22T15:35:43.646+05:30  INFO 23392 --- [obs] [    Test worker] org.hibernate.Version                    : HHH000412: Hibernate ORM core version 6.6.2.Final
2025-12-22T15:35:43.783+05:30  INFO 23392 --- [obs] [    Test worker] o.h.c.internal.RegionFactoryInitiator    : HHH000026: Second-level cache disabled
2025-12-22T15:35:44.733+05:30  INFO 23392 --- [obs] [    Test worker] o.s.o.j.p.SpringPersistenceUnitInfo      : No LoadTimeWeaver setup: ignoring JPA class transformer
2025-12-22T15:35:44.868+05:30  WARN 23392 --- [obs] [    Test worker] org.hibernate.dialect.Dialect            : HHH000511: The 2.3.232 version for [org.hibernate.dialect.PostgreSQLDialect] is no longer supported, hence certain features may not work properly. The minimum supported version is 12.0.0. Check the community dialects project for available legacy versions.
2025-12-22T15:35:44.876+05:30  WARN 23392 --- [obs] [    Test worker] org.hibernate.orm.deprecation            : HHH90000025: PostgreSQLDialect does not need to be specified explicitly using 'hibernate.dialect' (remove the property setting and it will be selected by default)
2025-12-22T15:35:44.949+05:30  INFO 23392 --- [obs] [    Test worker] org.hibernate.orm.connections.pooling    : HHH10001005: Database info:
	Database JDBC URL [Connecting through datasource 'org.springframework.jdbc.datasource.embedded.EmbeddedDatabaseFactory$EmbeddedDataSourceProxy@4b691611']
	Database driver: undefined/unknown
	Database version: 2.3.232
	Autocommit mode: undefined/unknown
	Isolation level: undefined/unknown
	Minimum pool size: undefined/unknown
	Maximum pool size: undefined/unknown
2025-12-22T15:35:48.079+05:30  INFO 23392 --- [obs] [    Test worker] o.h.e.t.j.p.i.JtaPlatformInitiator       : HHH000489: No JTA platform available (set 'hibernate.transaction.jta.platform' to enable JTA platform integration)
Hibernate: create table account (id bigint generated by default as identity, account_number varchar(255) not null, account_type varchar(255) check (account_type in ('SAVINGS','CURRENT')), active boolean default true not null, balance numeric(38,2), business_address varchar(255), business_name varchar(255), pan_card_number varchar(255), user_id bigint not null, primary key (id))
Hibernate: create table bill_payment (id bigint generated by default as identity, amount numeric(38,2), biller_name varchar(255), due_date timestamp(6), status varchar(255), user_id bigint, primary key (id))
Hibernate: create table recurring_payments (id bigint generated by default as identity, amount numeric(38,2), created_at timestamp(6), end_date date, frequency varchar(255), next_payment_date date, start_date date, status varchar(255), target_account_number varchar(255), account_id bigint, primary key (id))
Hibernate: create table transaction (id bigint generated by default as identity, amount numeric(38,2), description varchar(255), status varchar(255), target_account_number varchar(255), timestamp timestamp(6), type varchar(255), account_id bigint, primary key (id))
Hibernate: create table user_roles (user_id bigint not null, roles varchar(255) check (roles in ('CUSTOMER','BANKER','ADMIN')))
Hibernate: create table users (id bigint not null, active boolean default true not null, email varchar(255) not null, full_name varchar(255) not null, password varchar(255) not null, phone_number varchar(255) not null, username varchar(255) not null, primary key (id))
Hibernate: alter table if exists account drop constraint if exists UK66gkcp94endmotfwb8r4ocxm9
Hibernate: alter table if exists account add constraint UK66gkcp94endmotfwb8r4ocxm9 unique (account_number)
Hibernate: alter table if exists users drop constraint if exists UKr43af9ap4edm43mmtq01oddj6
Hibernate: alter table if exists users add constraint UKr43af9ap4edm43mmtq01oddj6 unique (username)
Hibernate: create sequence obs_user_seq start with 100000001 increment by 1
Hibernate: alter table if exists account add constraint FKra7xoi9wtlcq07tmoxxe5jrh4 foreign key (user_id) references users
Hibernate: alter table if exists bill_payment add constraint FKch9kvl7i3sy06irg4k2wbwcmb foreign key (user_id) references users
Hibernate: alter table if exists recurring_payments add constraint FKpdu9qvv2137eqryhhx1mbm1n4 foreign key (account_id) references account
Hibernate: alter table if exists transaction add constraint FK6g20fcr3bhr6bihgy24rq1r1b foreign key (account_id) references account
Hibernate: alter table if exists user_roles add constraint FKhfh9dx7w3ubf1co1vdev94g3f foreign key (user_id) references users
2025-12-22T15:35:48.304+05:30  INFO 23392 --- [obs] [    Test worker] j.LocalContainerEntityManagerFactoryBean : Initialized JPA EntityManagerFactory for persistence unit 'default'
2025-12-22T15:35:49.456+05:30  INFO 23392 --- [obs] [    Test worker] c.o.r.UserRepositoryDataJpaTest          : Started UserRepositoryDataJpaTest in 9.778 seconds (process running for 13.45)
Hibernate: select nextval('obs_user_seq')
Hibernate: insert into users (active,email,full_name,password,phone_number,username,id) values (?,?,?,?,?,?,?)
Hibernate: select u1_0.id from users u1_0 where u1_0.username=? fetch first ? rows only
Hibernate: select u1_0.id from users u1_0 where u1_0.email=? fetch first ? rows only
Hibernate: select u1_0.id from users u1_0 where u1_0.username=? fetch first ? rows only
Hibernate: select u1_0.id from users u1_0 where u1_0.email=? fetch first ? rows only
Hibernate: select nextval('obs_user_seq')
Hibernate: insert into users (active,email,full_name,password,phone_number,username,id) values (?,?,?,?,?,?,?)
Hibernate: select u1_0.id,u1_0.active,u1_0.email,u1_0.full_name,u1_0.password,u1_0.phone_number,u1_0.username from users u1_0 where u1_0.username=?
]]></system-out>
  <system-err><![CDATA[Mockito is currently self-attaching to enable the inline-mock-maker. This will no longer work in future releases of the JDK. Please add Mockito as an agent to your build what is described in Mockito's documentation: https://javadoc.io/doc/org.mockito/mockito-core/latest/org/mockito/Mockito.html#0.3
WARNING: A Java agent has been loaded dynamically (C:\Users\NEHASHPA\.gradle\caches\modules-2\files-2.1\net.bytebuddy\byte-buddy-agent\1.15.10\e8eb255b2c378b9a6c7341e7b0e12f0a5636377\byte-buddy-agent-1.15.10.jar)
WARNING: If a serviceability tool is in use, please run with -XX:+EnableDynamicAgentLoading to hide this warning
WARNING: If a serviceability tool is not in use, please run with -Djdk.instrument.traceUsage for more information
WARNING: Dynamic loading of agents will be disallowed by default in a future release
]]></system-err>
</testsuite>
